
> fe_new@1.0.0 build
> next build

   ▲ Next.js 16.0.1 (Turbopack)
   - Environments: .env

 ⚠ The "middleware" file convention is deprecated. Please use "proxy" instead. Learn more: https://nextjs.org/docs/messages/middleware-to-proxy
   Creating an optimized production build ...
 ✓ Compiled successfully in 16.2s
   Running TypeScript ...
   Collecting page data ...
   Generating static pages (0/30) ...
   Generating static pages (7/30) 
   Generating static pages (14/30) 
   Generating static pages (22/30) 
 ✓ Generating static pages (30/30) in 3.3s
   Finalizing page optimization ...

Route (app)
┌ ○ /
├ ○ /_not-found
├ ○ /admin/analytics
├ ○ /admin/councils
├ ƒ /admin/councils/[id]
├ ○ /admin/defences
├ ○ /admin/faculties
├ ○ /admin/majors
├ ○ /admin/semesters
├ ƒ /admin/students/[id]
├ ƒ /admin/teachers/[id]
├ ○ /admin/topics
├ ƒ /admin/topics/[id]
├ ○ /admin/users
├ ○ /department/councils
├ ƒ /department/councils/[id]
├ ○ /department/dashboard
├ ○ /department/defences
├ ○ /department/students
├ ƒ /department/students/[id]
├ ○ /department/teachers
├ ƒ /department/teachers/[id]
├ ○ /department/topics
├ ƒ /department/topics/[id]
├ ○ /login
├ ○ /login/callback
├ ○ /student/dashboard
├ ○ /student/profile
├ ○ /student/thesis
├ ƒ /student/thesis/[id]
├ ○ /teacher/councils
├ ƒ /teacher/councils/[id]
├ ○ /teacher/dashboard
├ ○ /teacher/defences
├ ○ /teacher/info
├ ○ /teacher/profile
├ ○ /teacher/submit-topic
├ ○ /teacher/topics
├ ƒ /teacher/topics/[id]
└ ○ /test-theme


ƒ Proxy (Middleware)

○  (Static)   prerendered as static content
ƒ  (Dynamic)  server-rendered on demand

